0 322.2176628112792 0.4506779119668417
1 149.68999052995088 0.6733902274378087
2 124.21424678777228 0.7050305062177165
3 112.20144297113482 0.7234878220305534
4 103.84824584809365 0.7387819163846654
5 95.88859001058616 0.7560632712398937
6 91.09684506473162 0.765520897922137
7 84.61248496984012 0.7785464473907523
8 83.37203404761304 0.7796334545343916
9 79.58739576276564 0.7855502947276788
10 75.60749409530337 0.7936935701117612
11 72.52462310348912 0.7995366169916875
12 69.77929191715673 0.8033708183970667
13 67.4772174721522 0.8076278950204914
14 64.36823136443333 0.8126741817455421
15 62.64791312754551 0.8170439620681156
16 61.05165267622231 0.8215444628766041
17 57.91847140899555 0.8270662703261468
18 56.70298187622169 0.8294909383287495
19 53.606921641242415 0.8346223760124865
20 52.63796390760814 0.8371034051408838
21 50.65428974612661 0.8416560521188947
22 49.3785009178894 0.842453195954001
23 47.80049799135977 0.845501416961089
24 46.30046025490921 0.8486496892985921
25 45.61088881587351 0.8523359602650272
26 42.83339876212824 0.8564109269356884
27 41.763518619221564 0.8601032065239969
28 39.813628978287106 0.8639258864699609
29 39.034211635589614 0.863343198567826
30 38.00672516522819 0.8686057546280865
31 38.0698417780415 0.8679179912371353
32 35.493430580524404 0.8730102236697219
33 33.92510215809803 0.8776171803474427
34 35.42478232746882 0.8726030627623297
35 33.249161358700675 0.8772329265708163
36 31.81440315657105 0.8809823725397221
37 31.63772855610249 0.88183749235229
38 29.9873273514754 0.8870699701719734
39 30.138234123488918 0.8848606075672123
40 29.786566599315375 0.8860351202503731
41 28.87126117273671 0.8897702449204907
42 27.909282770772638 0.8899980368993147
43 28.23567322626809 0.8885946889586795
44 nan 0.787787656053062
45 nan 0.01797413636640406
46 nan 0.01797413636640405
47 nan 0.017974136366404044
48 nan 0.017974136366404048
49 nan 0.017974136366404048
