0 341.41515607994904 0.4887620605227817
1 145.9988679152268 0.7427333664938841
2 93.03406668156673 0.8261834867228702
3 74.82952008238432 0.8452176941492314
4 66.37063505591412 0.8532146512902922
5 60.127633728184776 0.8618170731957826
6 55.06940062005793 0.8676741220490347
7 51.06795714988492 0.8738902821773448
8 47.55813196407697 0.8780110336378858
9 44.446589882333576 0.8828451087729797
10 40.86602767278731 0.8877867296981103
11 38.36659951505253 0.8912568277981668
12 35.63157711422692 0.8952404004547873
13 33.61197073195707 0.8977271088068755
14 31.358488104356827 0.9007527556473044
15 29.38170809370045 0.9045362809138272
16 27.376161868755624 0.9080871747313919
17 25.688458693184057 0.9103412492861218
18 24.034508803548338 0.9138689667377868
19 22.04920926863436 0.9180506895004473
20 20.364315750451297 0.9209135329074761
21 18.799342965766584 0.9245006785383827
22 18.957556721864446 0.9236197709813595
23 17.417217818925792 0.9273767863831877
24 15.55481391004504 0.9307357844447565
25 14.190175710207518 0.9342113656129898
26 13.360882856161465 0.935530307368983
27 12.28758219684042 0.937942586629521
28 11.693017071451978 0.937913073607727
29 10.93224873009363 0.9408696715424713
30 9.983309846098829 0.9423049062099069
31 9.859591543115314 0.9435322650378026
32 8.831029651871766 0.9446273412534502
33 8.216217207919806 0.9461896136598794
34 7.518860890874271 0.9475545742274692
35 7.058081610621024 0.9487460671625264
36 6.707360047336811 0.9491894310008296
37 6.283420090547863 0.9505932444032101
38 5.732327744336783 0.9513269718771364
39 6.024893524527101 0.9507676050989545
40 5.252104032470185 0.9523324204877897
41 4.558122120532037 0.9543045310768371
42 4.811525865347873 0.9535178567857728
43 4.801793200185777 0.9528557935530436
44 4.511564115212625 0.9535480637040421
45 4.125306836946208 0.9544031053054632
46 3.822913257457583 0.9550832574855098
47 3.4991594038861815 0.956003143237188
48 3.659226430891046 0.9553891509827269
49 3.5144838176695656 0.9557877602317781
