0 18.73690136329587
1 9.022393575251122
2 6.852383536312149
3 5.508424370786075
4 4.56898967285319
5 3.8699322311548143
6 3.306361776176177
7 2.8809142408135595
8 2.557614745945842
9 2.2730438998210283
10 2.0473934282927173
11 1.841948630242746
12 1.6767998514759026
13 1.5369797965027754
14 1.3910213568927563
15 1.3200325975587508
16 1.2167430983712937
17 1.1499168208343902
18 1.0916610874834003
19 1.03179240429279
20 1.0036575884387995
21 0.9334516624863537
22 0.8831172534926401
23 0.8494778972268673
24 0.8265400253929791
25 0.7958612434692182
26 0.7947435409608243
27 0.7489876021875101
28 0.7273165601761331
29 0.7218284428590668
30 0.6782403916272531
31 0.6783496044892586
32 0.6736260764921262
33 0.664513090610843
34 0.6221152912106005
35 0.6356577537249842
36 0.6164842230781565
37 0.5943769894650274
38 0.5915636775046973
39 0.6047871635500701
40 0.5766203019056744
41 0.5472145155364331
42 0.5798228080771758
43 0.5731708268370603
44 0.5655942523402526
45 0.5546836278688779
46 0.5474150968235763
47 0.5522836092188245
48 0.5446763117742527
49 0.5163817237030307
