0 357.35182121233896
1 190.90323510805166
2 113.58234984163506
3 86.97298863860054
4 74.33680621141785
5 67.45643453794844
6 61.630222045010946
7 56.30633083830187
8 52.32328854895445
9 48.85082389802919
10 45.63351747734686
11 42.40146245652252
12 39.741846858448646
13 36.88632818324035
14 34.60565744488591
15 32.43826517289396
16 30.348034918420097
17 28.440357554696956
18 25.895929394586922
19 24.454380643188845
20 22.570799581105447
21 20.899161639401434
22 19.093763187052375
23 17.74688014404859
24 16.517185641162612
25 15.39493290445371
26 14.680654917492431
27 13.318130594760342
28 12.408870397292873
29 11.781574159077804
30 10.997753736393541
31 10.307389417967252
32 9.245656882704536
33 8.988537316614197
34 8.178181640538215
35 7.945003677404175
36 7.613462437845866
37 7.390009800933198
38 6.6871643796507225
39 6.2856340549089476
40 6.364376939749291
41 5.6432723603709265
42 5.398607518726625
43 5.086461745565989
44 4.67885469693488
45 4.670531897828347
46 4.601184412809067
47 3.9851457978097287
48 3.6859228293049715
49 3.8121612404820837
