0 19.008019714510763 0.6573946029723362
1 9.095888240879141 0.7815697310502044
2 7.035969952348874 0.8114283254727194
3 5.776100580721857 0.828893256972756
4 4.86526457761875 0.8462925968921962
5 4.101247194572613 0.8569737941489948
6 3.5201268354382464 0.8646294337391949
7 3.0473605373158748 0.8714433548452215
8 2.718349399752397 0.8761266842319021
9 2.366835730776275 0.8801666483624981
10 2.160099362161047 0.8830073807170712
11 1.8922757986067151 0.8871672030822335
12 1.7655631430174141 0.8890301996826859
13 1.5973476518137173 0.8904855060277376
14 1.477268055786581 0.8906863824161741
15 1.33422388914086 0.8935986004609859
16 1.2979411652503332 0.8935487522715374
17 1.1910736228962913 0.8956344824292588
18 1.1180712424561954 0.896304406253257
19 1.070159035460467 0.8959931422391719
20 0.9897360603010036 0.8971552430127477
21 0.9610472786992368 0.8975427630740038
22 0.9314602379301766 0.8994474113208115
23 0.868090300047653 0.9006634532390567
24 0.8557124159606984 0.90079627281467
25 0.837972507379512 0.9013834455823304
26 0.7790287567078896 0.9019061345069347
27 0.7625025376430375 0.9028397265140619
28 0.766573482801066 0.9029966733528022
29 0.7202384881332287 0.9039926200244793
30 0.698578587467633 0.9046757381814751
31 0.6923828592794846 0.9039007878850608
32 0.6816795647897785 0.9041469580680684
33 0.6716860379004495 0.9045140901201294
34 0.6440010332677534 0.9047172830600723
35 0.6456396984990106 0.9041528154707761
36 0.6336896866002466 0.9037148972778826
37 0.6256873283258982 0.9040156071226664
38 0.6069372520920963 0.9045677651836657
39 0.6143290212736032 0.9045376472346085
40 0.584749722324049 0.904477204242342
41 0.6065638309050291 0.9045040026847575
42 0.550805124714476 0.9061360723172875
43 0.589290883391234 0.9056364251983156
44 0.5800080148638985 0.9063508025281609
45 0.5482817734624403 0.9058939943835963
46 0.5541942364000766 0.9063633038413528
47 0.5485952767025783 0.9065111973919233
48 0.556153314519704 0.9062592197046905
49 0.5439154399987338 0.907016614646404