0 71.45999071005696 0.6128157104031106
1 38.6668036582296 0.7421875738979712
2 30.356556305337172 0.7788212848240124
3 25.98086388591485 0.798399504020866
4 22.67060752557441 0.8132313316036366
5 20.167061602376737 0.82432742098206
6 18.250075758166588 0.8325844764414766
7 16.682377961421622 0.8395119184174555
8 15.376516796602436 0.8454872159786957
9 14.211138295596852 0.851377598287443
10 13.241485944047708 0.8562033908034138
11 12.22827691318667 0.8608065216591397
12 11.399181075679648 0.8644254623885796
13 10.704161951656836 0.8677931138405244
14 10.057885682479721 0.8712764244586491
15 9.344142983369395 0.8751262220817677
16 8.896800320286976 0.876895863429282
17 8.348070881864793 0.8802142062204875
18 7.828982360578145 0.883010149591491
19 7.4130815204200715 0.8847228942164971
20 7.047923178401663 0.8866521426567481
21 6.659671565510884 0.889029561957559
22 6.316356128608933 0.8900965136856913
23 6.034438552019469 0.8922660193867685
24 5.738112688211928 0.8941462711144439
25 5.489064804113696 0.89476317410416
26 5.2661545530090486 0.8968864179070115
27 5.032353621772846 0.8978661228758732
28 4.851212910285549 0.898419072071024
29 4.692237099699392 0.8996979269315347
30 4.46944448193455 0.9003170267465825
31 4.330996470634071 0.901377038033254
32 4.163789022248811 0.902118101550268
33 3.9499762352965804 0.9031139544415094
34 3.8884820524782744 0.9042986710964533
35 3.794045496930004 0.9044050536727435
36 3.701594110472389 0.904698592254935
37 3.5580794080373526 0.9060571488402822
38 3.450140318337124 0.9065617420175304
39 3.4189981245729326 0.9065388530234902
40 3.2164769413592036 0.9076725552491707
41 3.1941200310573863 0.9081350933341369
42 3.2047454910755695 0.9085517901425304
43 3.071086185897973 0.9094010895055947
44 3.0610967573925065 0.9092218749897442
45 2.957205208402924 0.9103205120018295
46 2.8473987278006985 0.9102844693899451
47 2.7653934007374654 0.9106627720395478
48 2.8302995153646404 0.9105127559162047
49 2.7324602709270387 0.9108042175454478
